[ERROR][2015-09-24 12:18:34,802][com.alibaba.druid.pool.DruidAbstractDataSource]maxIdle is deprecated
[INFO][2015-09-24 12:18:34,992][com.alibaba.druid.pool.DruidDataSource]{dataSource-1} inited
[INFO][2015-09-24 12:18:35,797][org.hibernate.annotations.common.Version]HCANN000001: Hibernate Commons Annotations {4.0.2.Final}
[INFO][2015-09-24 12:18:35,809][org.hibernate.Version]HHH000412: Hibernate Core {4.2.5.Final}
[INFO][2015-09-24 12:18:35,812][org.hibernate.cfg.Environment]HHH000206: hibernate.properties not found
[INFO][2015-09-24 12:18:35,815][org.hibernate.cfg.Environment]HHH000021: Bytecode provider name : javassist
[INFO][2015-09-24 12:18:36,544][org.hibernate.dialect.Dialect]HHH000400: Using dialect: org.hibernate.dialect.MySQLDialect
[INFO][2015-09-24 12:18:36,808][org.hibernate.engine.transaction.internal.TransactionFactoryInitiator]HHH000399: Using default transaction strategy (direct JDBC transactions)
[INFO][2015-09-24 12:18:36,820][org.hibernate.hql.internal.ast.ASTQueryTranslatorFactory]HHH000397: Using ASTQueryTranslatorFactory
[INFO][2015-09-24 12:18:37,280][org.hibernate.tool.hbm2ddl.SchemaUpdate]HHH000228: Running hbm2ddl schema update
[INFO][2015-09-24 12:18:37,280][org.hibernate.tool.hbm2ddl.SchemaUpdate]HHH000102: Fetching database metadata
[INFO][2015-09-24 12:18:37,286][org.hibernate.tool.hbm2ddl.SchemaUpdate]HHH000396: Updating schema
[INFO][2015-09-24 12:18:37,316][org.hibernate.tool.hbm2ddl.TableMetadata]HHH000261: Table found: test.t_user
[INFO][2015-09-24 12:18:37,316][org.hibernate.tool.hbm2ddl.TableMetadata]HHH000037: Columns: [id, name, password]
[INFO][2015-09-24 12:18:37,316][org.hibernate.tool.hbm2ddl.TableMetadata]HHH000108: Foreign keys: []
[INFO][2015-09-24 12:18:37,316][org.hibernate.tool.hbm2ddl.TableMetadata]HHH000126: Indexes: [primary]
[INFO][2015-09-24 12:18:37,317][org.hibernate.tool.hbm2ddl.SchemaUpdate]HHH000232: Schema update complete
[INFO][2015-09-24 12:18:37,851][com.alibaba.druid.pool.DruidDataSource]{dataSource-1} closed
[ERROR][2015-09-24 12:19:14,002][com.alibaba.druid.pool.DruidAbstractDataSource]maxIdle is deprecated
[INFO][2015-09-24 12:19:14,163][com.alibaba.druid.pool.DruidDataSource]{dataSource-1} inited
[INFO][2015-09-24 12:19:14,971][org.hibernate.annotations.common.Version]HCANN000001: Hibernate Commons Annotations {4.0.2.Final}
[INFO][2015-09-24 12:19:14,982][org.hibernate.Version]HHH000412: Hibernate Core {4.2.5.Final}
[INFO][2015-09-24 12:19:14,986][org.hibernate.cfg.Environment]HHH000206: hibernate.properties not found
[INFO][2015-09-24 12:19:14,989][org.hibernate.cfg.Environment]HHH000021: Bytecode provider name : javassist
[INFO][2015-09-24 12:19:15,819][org.hibernate.dialect.Dialect]HHH000400: Using dialect: org.hibernate.dialect.MySQLDialect
[INFO][2015-09-24 12:19:16,111][org.hibernate.engine.transaction.internal.TransactionFactoryInitiator]HHH000399: Using default transaction strategy (direct JDBC transactions)
[INFO][2015-09-24 12:19:16,120][org.hibernate.hql.internal.ast.ASTQueryTranslatorFactory]HHH000397: Using ASTQueryTranslatorFactory
[INFO][2015-09-24 12:19:16,590][org.hibernate.tool.hbm2ddl.SchemaUpdate]HHH000228: Running hbm2ddl schema update
[INFO][2015-09-24 12:19:16,590][org.hibernate.tool.hbm2ddl.SchemaUpdate]HHH000102: Fetching database metadata
[INFO][2015-09-24 12:19:16,597][org.hibernate.tool.hbm2ddl.SchemaUpdate]HHH000396: Updating schema
[INFO][2015-09-24 12:19:16,630][org.hibernate.tool.hbm2ddl.TableMetadata]HHH000261: Table found: test.t_user
[INFO][2015-09-24 12:19:16,630][org.hibernate.tool.hbm2ddl.TableMetadata]HHH000037: Columns: [id, name, password]
[INFO][2015-09-24 12:19:16,630][org.hibernate.tool.hbm2ddl.TableMetadata]HHH000108: Foreign keys: []
[INFO][2015-09-24 12:19:16,631][org.hibernate.tool.hbm2ddl.TableMetadata]HHH000126: Indexes: [primary]
[INFO][2015-09-24 12:19:16,631][org.hibernate.tool.hbm2ddl.SchemaUpdate]HHH000232: Schema update complete
[WARN][2015-09-24 12:19:29,524][org.hibernate.engine.jdbc.spi.SqlExceptionHelper]SQL Error: 0, SQLState: null
[ERROR][2015-09-24 12:19:29,524][org.hibernate.engine.jdbc.spi.SqlExceptionHelper]Error
[INFO][2015-09-24 12:19:29,671][com.alibaba.druid.pool.DruidDataSource]{dataSource-1} closed
[ERROR][2015-09-24 12:21:55,947][com.alibaba.druid.pool.DruidAbstractDataSource]maxIdle is deprecated
[INFO][2015-09-24 12:21:56,117][com.alibaba.druid.pool.DruidDataSource]{dataSource-1} inited
[INFO][2015-09-24 12:21:56,951][org.hibernate.annotations.common.Version]HCANN000001: Hibernate Commons Annotations {4.0.2.Final}
[INFO][2015-09-24 12:21:56,970][org.hibernate.Version]HHH000412: Hibernate Core {4.2.5.Final}
[INFO][2015-09-24 12:21:56,973][org.hibernate.cfg.Environment]HHH000206: hibernate.properties not found
[INFO][2015-09-24 12:21:56,975][org.hibernate.cfg.Environment]HHH000021: Bytecode provider name : javassist
[INFO][2015-09-24 12:21:57,742][org.hibernate.dialect.Dialect]HHH000400: Using dialect: org.hibernate.dialect.MySQLDialect
[INFO][2015-09-24 12:21:58,007][org.hibernate.engine.transaction.internal.TransactionFactoryInitiator]HHH000399: Using default transaction strategy (direct JDBC transactions)
[INFO][2015-09-24 12:21:58,023][org.hibernate.hql.internal.ast.ASTQueryTranslatorFactory]HHH000397: Using ASTQueryTranslatorFactory
[INFO][2015-09-24 12:21:58,508][org.hibernate.tool.hbm2ddl.SchemaUpdate]HHH000228: Running hbm2ddl schema update
[INFO][2015-09-24 12:21:58,508][org.hibernate.tool.hbm2ddl.SchemaUpdate]HHH000102: Fetching database metadata
[INFO][2015-09-24 12:21:58,516][org.hibernate.tool.hbm2ddl.SchemaUpdate]HHH000396: Updating schema
[INFO][2015-09-24 12:21:58,548][org.hibernate.tool.hbm2ddl.TableMetadata]HHH000261: Table found: test.t_user
[INFO][2015-09-24 12:21:58,548][org.hibernate.tool.hbm2ddl.TableMetadata]HHH000037: Columns: [id, name, password]
[INFO][2015-09-24 12:21:58,548][org.hibernate.tool.hbm2ddl.TableMetadata]HHH000108: Foreign keys: []
[INFO][2015-09-24 12:21:58,548][org.hibernate.tool.hbm2ddl.TableMetadata]HHH000126: Indexes: [primary]
[INFO][2015-09-24 12:21:58,549][org.hibernate.tool.hbm2ddl.SchemaUpdate]HHH000232: Schema update complete
[WARN][2015-09-24 12:22:11,500][org.hibernate.engine.jdbc.spi.SqlExceptionHelper]SQL Error: 0, SQLState: null
[ERROR][2015-09-24 12:22:11,500][org.hibernate.engine.jdbc.spi.SqlExceptionHelper]Error
[INFO][2015-09-24 12:22:11,616][com.alibaba.druid.pool.DruidDataSource]{dataSource-1} closed
[ERROR][2015-09-24 13:00:14,744][com.alibaba.druid.pool.DruidAbstractDataSource]maxIdle is deprecated
[INFO][2015-09-24 13:00:14,924][com.alibaba.druid.pool.DruidDataSource]{dataSource-1} inited
[INFO][2015-09-24 13:00:15,725][org.hibernate.annotations.common.Version]HCANN000001: Hibernate Commons Annotations {4.0.2.Final}
[INFO][2015-09-24 13:00:15,735][org.hibernate.Version]HHH000412: Hibernate Core {4.2.5.Final}
[INFO][2015-09-24 13:00:15,738][org.hibernate.cfg.Environment]HHH000206: hibernate.properties not found
[INFO][2015-09-24 13:00:15,741][org.hibernate.cfg.Environment]HHH000021: Bytecode provider name : javassist
[INFO][2015-09-24 13:00:16,472][org.hibernate.dialect.Dialect]HHH000400: Using dialect: org.hibernate.dialect.MySQLDialect
[INFO][2015-09-24 13:00:16,789][org.hibernate.engine.transaction.internal.TransactionFactoryInitiator]HHH000399: Using default transaction strategy (direct JDBC transactions)
[INFO][2015-09-24 13:00:16,798][org.hibernate.hql.internal.ast.ASTQueryTranslatorFactory]HHH000397: Using ASTQueryTranslatorFactory
[INFO][2015-09-24 13:00:17,472][org.hibernate.tool.hbm2ddl.SchemaUpdate]HHH000228: Running hbm2ddl schema update
[INFO][2015-09-24 13:00:17,472][org.hibernate.tool.hbm2ddl.SchemaUpdate]HHH000102: Fetching database metadata
[INFO][2015-09-24 13:00:17,479][org.hibernate.tool.hbm2ddl.SchemaUpdate]HHH000396: Updating schema
[INFO][2015-09-24 13:00:17,521][org.hibernate.tool.hbm2ddl.TableMetadata]HHH000261: Table found: test.t_user
[INFO][2015-09-24 13:00:17,522][org.hibernate.tool.hbm2ddl.TableMetadata]HHH000037: Columns: [id, name, password]
[INFO][2015-09-24 13:00:17,522][org.hibernate.tool.hbm2ddl.TableMetadata]HHH000108: Foreign keys: []
[INFO][2015-09-24 13:00:17,523][org.hibernate.tool.hbm2ddl.TableMetadata]HHH000126: Indexes: [primary]
[INFO][2015-09-24 13:00:17,524][org.hibernate.tool.hbm2ddl.SchemaUpdate]HHH000232: Schema update complete
[INFO][2015-09-24 13:00:18,173][com.alibaba.druid.pool.DruidDataSource]{dataSource-1} closed
[ERROR][2015-09-24 13:00:43,397][com.alibaba.druid.pool.DruidAbstractDataSource]maxIdle is deprecated
[INFO][2015-09-24 13:00:43,634][com.alibaba.druid.pool.DruidDataSource]{dataSource-1} inited
[INFO][2015-09-24 13:00:44,599][org.hibernate.annotations.common.Version]HCANN000001: Hibernate Commons Annotations {4.0.2.Final}
[INFO][2015-09-24 13:00:44,616][org.hibernate.Version]HHH000412: Hibernate Core {4.2.5.Final}
[INFO][2015-09-24 13:00:44,625][org.hibernate.cfg.Environment]HHH000206: hibernate.properties not found
[INFO][2015-09-24 13:00:44,630][org.hibernate.cfg.Environment]HHH000021: Bytecode provider name : javassist
[INFO][2015-09-24 13:00:45,450][org.hibernate.dialect.Dialect]HHH000400: Using dialect: org.hibernate.dialect.MySQLDialect
[INFO][2015-09-24 13:00:45,722][org.hibernate.engine.transaction.internal.TransactionFactoryInitiator]HHH000399: Using default transaction strategy (direct JDBC transactions)
[INFO][2015-09-24 13:00:45,736][org.hibernate.hql.internal.ast.ASTQueryTranslatorFactory]HHH000397: Using ASTQueryTranslatorFactory
[INFO][2015-09-24 13:00:46,249][org.hibernate.tool.hbm2ddl.SchemaUpdate]HHH000228: Running hbm2ddl schema update
[INFO][2015-09-24 13:00:46,249][org.hibernate.tool.hbm2ddl.SchemaUpdate]HHH000102: Fetching database metadata
[INFO][2015-09-24 13:00:46,254][org.hibernate.tool.hbm2ddl.SchemaUpdate]HHH000396: Updating schema
[INFO][2015-09-24 13:00:46,290][org.hibernate.tool.hbm2ddl.TableMetadata]HHH000261: Table found: test.t_user
[INFO][2015-09-24 13:00:46,290][org.hibernate.tool.hbm2ddl.TableMetadata]HHH000037: Columns: [id, name, password]
[INFO][2015-09-24 13:00:46,290][org.hibernate.tool.hbm2ddl.TableMetadata]HHH000108: Foreign keys: []
[INFO][2015-09-24 13:00:46,290][org.hibernate.tool.hbm2ddl.TableMetadata]HHH000126: Indexes: [primary]
[INFO][2015-09-24 13:00:46,292][org.hibernate.tool.hbm2ddl.SchemaUpdate]HHH000232: Schema update complete
[INFO][2015-09-24 13:00:47,058][com.alibaba.druid.pool.DruidDataSource]{dataSource-1} closed
[ERROR][2015-09-24 13:01:09,999][com.alibaba.druid.pool.DruidAbstractDataSource]maxIdle is deprecated
[INFO][2015-09-24 13:01:10,179][com.alibaba.druid.pool.DruidDataSource]{dataSource-1} inited
[INFO][2015-09-24 13:01:10,984][org.hibernate.annotations.common.Version]HCANN000001: Hibernate Commons Annotations {4.0.2.Final}
[INFO][2015-09-24 13:01:10,992][org.hibernate.Version]HHH000412: Hibernate Core {4.2.5.Final}
[INFO][2015-09-24 13:01:10,995][org.hibernate.cfg.Environment]HHH000206: hibernate.properties not found
[INFO][2015-09-24 13:01:11,002][org.hibernate.cfg.Environment]HHH000021: Bytecode provider name : javassist
[INFO][2015-09-24 13:01:11,792][org.hibernate.dialect.Dialect]HHH000400: Using dialect: org.hibernate.dialect.MySQLDialect
[INFO][2015-09-24 13:01:12,054][org.hibernate.engine.transaction.internal.TransactionFactoryInitiator]HHH000399: Using default transaction strategy (direct JDBC transactions)
[INFO][2015-09-24 13:01:12,064][org.hibernate.hql.internal.ast.ASTQueryTranslatorFactory]HHH000397: Using ASTQueryTranslatorFactory
[INFO][2015-09-24 13:01:12,514][org.hibernate.tool.hbm2ddl.SchemaUpdate]HHH000228: Running hbm2ddl schema update
[INFO][2015-09-24 13:01:12,514][org.hibernate.tool.hbm2ddl.SchemaUpdate]HHH000102: Fetching database metadata
[INFO][2015-09-24 13:01:12,520][org.hibernate.tool.hbm2ddl.SchemaUpdate]HHH000396: Updating schema
[INFO][2015-09-24 13:01:12,557][org.hibernate.tool.hbm2ddl.TableMetadata]HHH000261: Table found: test.t_user
[INFO][2015-09-24 13:01:12,557][org.hibernate.tool.hbm2ddl.TableMetadata]HHH000037: Columns: [id, name, password]
[INFO][2015-09-24 13:01:12,557][org.hibernate.tool.hbm2ddl.TableMetadata]HHH000108: Foreign keys: []
[INFO][2015-09-24 13:01:12,557][org.hibernate.tool.hbm2ddl.TableMetadata]HHH000126: Indexes: [primary]
[INFO][2015-09-24 13:01:12,558][org.hibernate.tool.hbm2ddl.SchemaUpdate]HHH000232: Schema update complete
[INFO][2015-09-24 13:01:13,128][com.alibaba.druid.pool.DruidDataSource]{dataSource-1} closed
[INFO][2015-09-24 13:03:23,178][org.hibernate.annotations.common.Version]HCANN000001: Hibernate Commons Annotations {4.0.2.Final}
[INFO][2015-09-24 13:03:23,188][org.hibernate.Version]HHH000412: Hibernate Core {4.2.5.Final}
[INFO][2015-09-24 13:03:23,191][org.hibernate.cfg.Environment]HHH000206: hibernate.properties not found
[INFO][2015-09-24 13:03:23,201][org.hibernate.cfg.Environment]HHH000021: Bytecode provider name : javassist
[INFO][2015-09-24 13:03:24,261][org.hibernate.dialect.Dialect]HHH000400: Using dialect: org.hibernate.dialect.MySQLDialect
[INFO][2015-09-24 13:03:24,542][org.hibernate.engine.transaction.internal.TransactionFactoryInitiator]HHH000399: Using default transaction strategy (direct JDBC transactions)
[INFO][2015-09-24 13:03:24,551][org.hibernate.hql.internal.ast.ASTQueryTranslatorFactory]HHH000397: Using ASTQueryTranslatorFactory
[INFO][2015-09-24 13:03:24,993][org.hibernate.tool.hbm2ddl.SchemaUpdate]HHH000228: Running hbm2ddl schema update
[INFO][2015-09-24 13:03:24,994][org.hibernate.tool.hbm2ddl.SchemaUpdate]HHH000102: Fetching database metadata
[INFO][2015-09-24 13:03:25,034][org.hibernate.tool.hbm2ddl.SchemaUpdate]HHH000396: Updating schema
[INFO][2015-09-24 13:03:25,149][org.hibernate.tool.hbm2ddl.TableMetadata]HHH000261: Table found: test.t_user
[INFO][2015-09-24 13:03:25,150][org.hibernate.tool.hbm2ddl.TableMetadata]HHH000037: Columns: [id, name, password]
[INFO][2015-09-24 13:03:25,150][org.hibernate.tool.hbm2ddl.TableMetadata]HHH000108: Foreign keys: []
[INFO][2015-09-24 13:03:25,150][org.hibernate.tool.hbm2ddl.TableMetadata]HHH000126: Indexes: [primary]
[INFO][2015-09-24 13:03:25,152][org.hibernate.tool.hbm2ddl.SchemaUpdate]HHH000232: Schema update complete
[INFO][2015-09-24 13:09:09,875][org.hibernate.annotations.common.Version]HCANN000001: Hibernate Commons Annotations {4.0.2.Final}
[INFO][2015-09-24 13:09:09,886][org.hibernate.Version]HHH000412: Hibernate Core {4.2.5.Final}
[INFO][2015-09-24 13:09:09,890][org.hibernate.cfg.Environment]HHH000206: hibernate.properties not found
[INFO][2015-09-24 13:09:09,896][org.hibernate.cfg.Environment]HHH000021: Bytecode provider name : javassist
[INFO][2015-09-24 13:09:10,660][org.hibernate.dialect.Dialect]HHH000400: Using dialect: org.hibernate.dialect.MySQLDialect
[INFO][2015-09-24 13:09:10,909][org.hibernate.engine.transaction.internal.TransactionFactoryInitiator]HHH000399: Using default transaction strategy (direct JDBC transactions)
[INFO][2015-09-24 13:09:10,920][org.hibernate.hql.internal.ast.ASTQueryTranslatorFactory]HHH000397: Using ASTQueryTranslatorFactory
[INFO][2015-09-24 13:09:11,356][org.hibernate.tool.hbm2ddl.SchemaUpdate]HHH000228: Running hbm2ddl schema update
[INFO][2015-09-24 13:09:11,356][org.hibernate.tool.hbm2ddl.SchemaUpdate]HHH000102: Fetching database metadata
[INFO][2015-09-24 13:09:11,409][org.hibernate.tool.hbm2ddl.SchemaUpdate]HHH000396: Updating schema
[INFO][2015-09-24 13:09:11,527][org.hibernate.tool.hbm2ddl.TableMetadata]HHH000261: Table found: test.t_user
[INFO][2015-09-24 13:09:11,527][org.hibernate.tool.hbm2ddl.TableMetadata]HHH000037: Columns: [id, name, password]
[INFO][2015-09-24 13:09:11,529][org.hibernate.tool.hbm2ddl.TableMetadata]HHH000108: Foreign keys: []
[INFO][2015-09-24 13:09:11,529][org.hibernate.tool.hbm2ddl.TableMetadata]HHH000126: Indexes: [primary]
[INFO][2015-09-24 13:09:11,530][org.hibernate.tool.hbm2ddl.SchemaUpdate]HHH000232: Schema update complete
[INFO][2015-09-24 13:13:01,761][org.hibernate.annotations.common.Version]HCANN000001: Hibernate Commons Annotations {4.0.2.Final}
[INFO][2015-09-24 13:13:01,774][org.hibernate.Version]HHH000412: Hibernate Core {4.2.5.Final}
[INFO][2015-09-24 13:13:01,777][org.hibernate.cfg.Environment]HHH000206: hibernate.properties not found
[INFO][2015-09-24 13:13:01,782][org.hibernate.cfg.Environment]HHH000021: Bytecode provider name : javassist
[INFO][2015-09-24 13:13:02,603][org.hibernate.dialect.Dialect]HHH000400: Using dialect: org.hibernate.dialect.MySQLDialect
[INFO][2015-09-24 13:13:02,871][org.hibernate.engine.transaction.internal.TransactionFactoryInitiator]HHH000399: Using default transaction strategy (direct JDBC transactions)
[INFO][2015-09-24 13:13:02,882][org.hibernate.hql.internal.ast.ASTQueryTranslatorFactory]HHH000397: Using ASTQueryTranslatorFactory
[INFO][2015-09-24 13:13:03,322][org.hibernate.tool.hbm2ddl.SchemaUpdate]HHH000228: Running hbm2ddl schema update
[INFO][2015-09-24 13:13:03,323][org.hibernate.tool.hbm2ddl.SchemaUpdate]HHH000102: Fetching database metadata
[INFO][2015-09-24 13:13:03,360][org.hibernate.tool.hbm2ddl.SchemaUpdate]HHH000396: Updating schema
[INFO][2015-09-24 13:13:03,489][org.hibernate.tool.hbm2ddl.TableMetadata]HHH000261: Table found: test.t_user
[INFO][2015-09-24 13:13:03,490][org.hibernate.tool.hbm2ddl.TableMetadata]HHH000037: Columns: [id, name, password]
[INFO][2015-09-24 13:13:03,490][org.hibernate.tool.hbm2ddl.TableMetadata]HHH000108: Foreign keys: []
[INFO][2015-09-24 13:13:03,490][org.hibernate.tool.hbm2ddl.TableMetadata]HHH000126: Indexes: [primary]
[INFO][2015-09-24 13:13:03,492][org.hibernate.tool.hbm2ddl.SchemaUpdate]HHH000232: Schema update complete
[ERROR][2015-09-24 13:13:04,162][org.hibernate.hql.internal.ast.ErrorCounter]line 1:8: expecting "into", found 't_user'
[ERROR][2015-09-24 13:13:04,164][org.hibernate.hql.internal.ast.ErrorCounter]line 1:8: expecting "into", found 't_user'
line 1:8: expecting "into", found 't_user'
	at antlr.Parser.match(Parser.java:211)
	at org.hibernate.hql.internal.antlr.HqlBaseParser.intoClause(HqlBaseParser.java:785)
	at org.hibernate.hql.internal.antlr.HqlBaseParser.insertStatement(HqlBaseParser.java:324)
	at org.hibernate.hql.internal.antlr.HqlBaseParser.statement(HqlBaseParser.java:163)
	at org.hibernate.hql.internal.ast.QueryTranslatorImpl.parse(QueryTranslatorImpl.java:267)
	at org.hibernate.hql.internal.ast.QueryTranslatorImpl.doCompile(QueryTranslatorImpl.java:181)
	at org.hibernate.hql.internal.ast.QueryTranslatorImpl.compile(QueryTranslatorImpl.java:137)
	at org.hibernate.engine.query.spi.HQLQueryPlan.<init>(HQLQueryPlan.java:105)
	at org.hibernate.engine.query.spi.HQLQueryPlan.<init>(HQLQueryPlan.java:80)
	at org.hibernate.engine.query.spi.QueryPlanCache.getHQLQueryPlan(QueryPlanCache.java:168)
	at org.hibernate.internal.AbstractSessionImpl.getHQLQueryPlan(AbstractSessionImpl.java:221)
	at org.hibernate.internal.AbstractSessionImpl.createQuery(AbstractSessionImpl.java:199)
	at org.hibernate.internal.SessionImpl.createQuery(SessionImpl.java:1778)
	at sun.reflect.NativeMethodAccessorImpl.invoke0(Native Method)
	at sun.reflect.NativeMethodAccessorImpl.invoke(NativeMethodAccessorImpl.java:39)
	at sun.reflect.DelegatingMethodAccessorImpl.invoke(DelegatingMethodAccessorImpl.java:25)
	at java.lang.reflect.Method.invoke(Method.java:597)
	at org.springframework.orm.hibernate4.HibernateTemplate$CloseSuppressingInvocationHandler.invoke(HibernateTemplate.java:1251)
	at $Proxy27.createQuery(Unknown Source)
	at com.feng.dao.impl.UserDaoImpl$1.doInHibernate(UserDaoImpl.java:29)
	at org.springframework.orm.hibernate4.HibernateTemplate.doExecute(HibernateTemplate.java:340)
	at org.springframework.orm.hibernate4.HibernateTemplate.execute(HibernateTemplate.java:295)
	at com.feng.dao.impl.UserDaoImpl.saveUser(UserDaoImpl.java:24)
	at sun.reflect.NativeMethodAccessorImpl.invoke0(Native Method)
	at sun.reflect.NativeMethodAccessorImpl.invoke(NativeMethodAccessorImpl.java:39)
	at sun.reflect.DelegatingMethodAccessorImpl.invoke(DelegatingMethodAccessorImpl.java:25)
	at java.lang.reflect.Method.invoke(Method.java:597)
	at org.springframework.aop.support.AopUtils.invokeJoinpointUsingReflection(AopUtils.java:317)
	at org.springframework.aop.framework.ReflectiveMethodInvocation.invokeJoinpoint(ReflectiveMethodInvocation.java:190)
	at org.springframework.aop.framework.ReflectiveMethodInvocation.proceed(ReflectiveMethodInvocation.java:157)
	at org.springframework.transaction.interceptor.TransactionInterceptor$1.proceedWithInvocation(TransactionInterceptor.java:98)
	at org.springframework.transaction.interceptor.TransactionAspectSupport.invokeWithinTransaction(TransactionAspectSupport.java:262)
	at org.springframework.transaction.interceptor.TransactionInterceptor.invoke(TransactionInterceptor.java:95)
	at org.springframework.aop.framework.ReflectiveMethodInvocation.proceed(ReflectiveMethodInvocation.java:179)
	at org.springframework.aop.interceptor.ExposeInvocationInterceptor.invoke(ExposeInvocationInterceptor.java:92)
	at org.springframework.aop.framework.ReflectiveMethodInvocation.proceed(ReflectiveMethodInvocation.java:179)
	at org.springframework.aop.framework.JdkDynamicAopProxy.invoke(JdkDynamicAopProxy.java:207)
	at $Proxy25.saveUser(Unknown Source)
	at com.feng.dao.impl.UserDaoTest.addTest(UserDaoTest.java:32)
	at sun.reflect.NativeMethodAccessorImpl.invoke0(Native Method)
	at sun.reflect.NativeMethodAccessorImpl.invoke(NativeMethodAccessorImpl.java:39)
	at sun.reflect.DelegatingMethodAccessorImpl.invoke(DelegatingMethodAccessorImpl.java:25)
	at java.lang.reflect.Method.invoke(Method.java:597)
	at org.junit.runners.model.FrameworkMethod$1.runReflectiveCall(FrameworkMethod.java:47)
	at org.junit.internal.runners.model.ReflectiveCallable.run(ReflectiveCallable.java:12)
	at org.junit.runners.model.FrameworkMethod.invokeExplosively(FrameworkMethod.java:44)
	at org.junit.internal.runners.statements.InvokeMethod.evaluate(InvokeMethod.java:17)
	at org.springframework.test.context.junit4.statements.RunBeforeTestMethodCallbacks.evaluate(RunBeforeTestMethodCallbacks.java:74)
	at org.springframework.test.context.junit4.statements.RunAfterTestMethodCallbacks.evaluate(RunAfterTestMethodCallbacks.java:83)
	at org.springframework.test.context.junit4.statements.SpringRepeat.evaluate(SpringRepeat.java:72)
	at org.springframework.test.context.junit4.SpringJUnit4ClassRunner.runChild(SpringJUnit4ClassRunner.java:231)
	at org.springframework.test.context.junit4.SpringJUnit4ClassRunner.runChild(SpringJUnit4ClassRunner.java:88)
	at org.junit.runners.ParentRunner$3.run(ParentRunner.java:238)
	at org.junit.runners.ParentRunner$1.schedule(ParentRunner.java:63)
	at org.junit.runners.ParentRunner.runChildren(ParentRunner.java:236)
	at org.junit.runners.ParentRunner.access$000(ParentRunner.java:53)
	at org.junit.runners.ParentRunner$2.evaluate(ParentRunner.java:229)
	at org.springframework.test.context.junit4.statements.RunBeforeTestClassCallbacks.evaluate(RunBeforeTestClassCallbacks.java:61)
	at org.springframework.test.context.junit4.statements.RunAfterTestClassCallbacks.evaluate(RunAfterTestClassCallbacks.java:71)
	at org.junit.runners.ParentRunner.run(ParentRunner.java:309)
	at org.springframework.test.context.junit4.SpringJUnit4ClassRunner.run(SpringJUnit4ClassRunner.java:174)
	at org.eclipse.jdt.internal.junit4.runner.JUnit4TestReference.run(JUnit4TestReference.java:50)
	at org.eclipse.jdt.internal.junit.runner.TestExecution.run(TestExecution.java:38)
	at org.eclipse.jdt.internal.junit.runner.RemoteTestRunner.runTests(RemoteTestRunner.java:467)
	at org.eclipse.jdt.internal.junit.runner.RemoteTestRunner.runTests(RemoteTestRunner.java:683)
	at org.eclipse.jdt.internal.junit.runner.RemoteTestRunner.run(RemoteTestRunner.java:390)
	at org.eclipse.jdt.internal.junit.runner.RemoteTestRunner.main(RemoteTestRunner.java:197)
[INFO][2015-09-24 13:15:51,690][org.hibernate.annotations.common.Version]HCANN000001: Hibernate Commons Annotations {4.0.2.Final}
[INFO][2015-09-24 13:15:51,702][org.hibernate.Version]HHH000412: Hibernate Core {4.2.5.Final}
[INFO][2015-09-24 13:15:51,706][org.hibernate.cfg.Environment]HHH000206: hibernate.properties not found
[INFO][2015-09-24 13:15:51,711][org.hibernate.cfg.Environment]HHH000021: Bytecode provider name : javassist
[INFO][2015-09-24 13:15:52,537][org.hibernate.dialect.Dialect]HHH000400: Using dialect: org.hibernate.dialect.MySQLDialect
[INFO][2015-09-24 13:15:52,812][org.hibernate.engine.transaction.internal.TransactionFactoryInitiator]HHH000399: Using default transaction strategy (direct JDBC transactions)
[INFO][2015-09-24 13:15:52,837][org.hibernate.hql.internal.ast.ASTQueryTranslatorFactory]HHH000397: Using ASTQueryTranslatorFactory
[INFO][2015-09-24 13:15:53,276][org.hibernate.tool.hbm2ddl.SchemaUpdate]HHH000228: Running hbm2ddl schema update
[INFO][2015-09-24 13:15:53,276][org.hibernate.tool.hbm2ddl.SchemaUpdate]HHH000102: Fetching database metadata
[INFO][2015-09-24 13:15:53,325][org.hibernate.tool.hbm2ddl.SchemaUpdate]HHH000396: Updating schema
[INFO][2015-09-24 13:15:53,443][org.hibernate.tool.hbm2ddl.TableMetadata]HHH000261: Table found: test.t_user
[INFO][2015-09-24 13:15:53,444][org.hibernate.tool.hbm2ddl.TableMetadata]HHH000037: Columns: [id, name, password]
[INFO][2015-09-24 13:15:53,444][org.hibernate.tool.hbm2ddl.TableMetadata]HHH000108: Foreign keys: []
[INFO][2015-09-24 13:15:53,444][org.hibernate.tool.hbm2ddl.TableMetadata]HHH000126: Indexes: [primary]
[INFO][2015-09-24 13:15:53,445][org.hibernate.tool.hbm2ddl.SchemaUpdate]HHH000232: Schema update complete
[INFO][2015-09-24 14:37:01,643][org.hibernate.annotations.common.Version]HCANN000001: Hibernate Commons Annotations {4.0.1.Final}
[INFO][2015-09-24 14:37:01,654][org.hibernate.Version]HHH000412: Hibernate Core {4.2.0.Final}
[INFO][2015-09-24 14:37:01,659][org.hibernate.cfg.Environment]HHH000206: hibernate.properties not found
[INFO][2015-09-24 14:37:01,663][org.hibernate.cfg.Environment]HHH000021: Bytecode provider name : javassist
[INFO][2015-09-24 14:37:02,753][org.hibernate.dialect.Dialect]HHH000400: Using dialect: org.hibernate.dialect.MySQLDialect
[INFO][2015-09-24 14:37:02,819][org.hibernate.engine.transaction.internal.TransactionFactoryInitiator]HHH000399: Using default transaction strategy (direct JDBC transactions)
[INFO][2015-09-24 14:37:02,836][org.hibernate.hql.internal.ast.ASTQueryTranslatorFactory]HHH000397: Using ASTQueryTranslatorFactory
[INFO][2015-09-24 14:37:03,756][org.hibernate.tool.hbm2ddl.SchemaUpdate]HHH000228: Running hbm2ddl schema update
[INFO][2015-09-24 14:37:03,756][org.hibernate.tool.hbm2ddl.SchemaUpdate]HHH000102: Fetching database metadata
[INFO][2015-09-24 14:37:03,810][org.hibernate.tool.hbm2ddl.SchemaUpdate]HHH000396: Updating schema
[INFO][2015-09-24 14:37:03,853][org.hibernate.tool.hbm2ddl.TableMetadata]HHH000261: Table found: test.t_user
[INFO][2015-09-24 14:37:03,853][org.hibernate.tool.hbm2ddl.TableMetadata]HHH000037: Columns: [id, name, password]
[INFO][2015-09-24 14:37:03,853][org.hibernate.tool.hbm2ddl.TableMetadata]HHH000108: Foreign keys: []
[INFO][2015-09-24 14:37:03,853][org.hibernate.tool.hbm2ddl.TableMetadata]HHH000126: Indexes: [primary]
[INFO][2015-09-24 14:37:03,857][org.hibernate.tool.hbm2ddl.SchemaUpdate]HHH000232: Schema update complete
[INFO][2015-09-24 14:40:46,778][org.hibernate.annotations.common.Version]HCANN000001: Hibernate Commons Annotations {4.0.1.Final}
[INFO][2015-09-24 14:40:46,793][org.hibernate.Version]HHH000412: Hibernate Core {4.0.0.Final}
[INFO][2015-09-24 14:40:46,795][org.hibernate.cfg.Environment]HHH000206: hibernate.properties not found
[INFO][2015-09-24 14:40:46,798][org.hibernate.cfg.Environment]HHH000021: Bytecode provider name : javassist
[INFO][2015-09-24 14:40:48,189][org.hibernate.dialect.Dialect]HHH000400: Using dialect: org.hibernate.dialect.MySQLDialect
[INFO][2015-09-24 14:40:48,255][org.hibernate.engine.transaction.internal.TransactionFactoryInitiator]HHH000399: Using default transaction strategy (direct JDBC transactions)
[INFO][2015-09-24 14:40:48,267][org.hibernate.hql.internal.ast.ASTQueryTranslatorFactory]HHH000397: Using ASTQueryTranslatorFactory
[INFO][2015-09-24 14:40:49,365][org.hibernate.tool.hbm2ddl.SchemaUpdate]HHH000228: Running hbm2ddl schema update
[INFO][2015-09-24 14:40:49,365][org.hibernate.tool.hbm2ddl.SchemaUpdate]HHH000102: Fetching database metadata
[INFO][2015-09-24 14:40:49,410][org.hibernate.tool.hbm2ddl.SchemaUpdate]HHH000396: Updating schema
[INFO][2015-09-24 14:40:49,446][org.hibernate.tool.hbm2ddl.TableMetadata]HHH000261: Table found: test.t_user
[INFO][2015-09-24 14:40:49,447][org.hibernate.tool.hbm2ddl.TableMetadata]HHH000037: Columns: [id, name, password]
[INFO][2015-09-24 14:40:49,447][org.hibernate.tool.hbm2ddl.TableMetadata]HHH000108: Foreign keys: []
[INFO][2015-09-24 14:40:49,447][org.hibernate.tool.hbm2ddl.TableMetadata]HHH000126: Indexes: [primary]
[INFO][2015-09-24 14:40:49,448][org.hibernate.tool.hbm2ddl.SchemaUpdate]HHH000232: Schema update complete
[INFO][2015-09-24 14:42:23,709][org.hibernate.annotations.common.Version]HCANN000001: Hibernate Commons Annotations {4.0.1.Final}
[INFO][2015-09-24 14:42:23,719][org.hibernate.Version]HHH000412: Hibernate Core {4.0.0.Final}
[INFO][2015-09-24 14:42:23,722][org.hibernate.cfg.Environment]HHH000206: hibernate.properties not found
[INFO][2015-09-24 14:42:23,725][org.hibernate.cfg.Environment]HHH000021: Bytecode provider name : javassist
[INFO][2015-09-24 14:42:24,847][org.hibernate.dialect.Dialect]HHH000400: Using dialect: org.hibernate.dialect.MySQLDialect
[INFO][2015-09-24 14:42:24,893][org.hibernate.engine.transaction.internal.TransactionFactoryInitiator]HHH000399: Using default transaction strategy (direct JDBC transactions)
[INFO][2015-09-24 14:42:24,900][org.hibernate.hql.internal.ast.ASTQueryTranslatorFactory]HHH000397: Using ASTQueryTranslatorFactory
[INFO][2015-09-24 14:42:25,917][org.hibernate.tool.hbm2ddl.SchemaUpdate]HHH000228: Running hbm2ddl schema update
[INFO][2015-09-24 14:42:25,917][org.hibernate.tool.hbm2ddl.SchemaUpdate]HHH000102: Fetching database metadata
[INFO][2015-09-24 14:42:25,959][org.hibernate.tool.hbm2ddl.SchemaUpdate]HHH000396: Updating schema
[INFO][2015-09-24 14:42:25,999][org.hibernate.tool.hbm2ddl.TableMetadata]HHH000261: Table found: test.t_user
[INFO][2015-09-24 14:42:25,999][org.hibernate.tool.hbm2ddl.TableMetadata]HHH000037: Columns: [id, name, password]
[INFO][2015-09-24 14:42:26,000][org.hibernate.tool.hbm2ddl.TableMetadata]HHH000108: Foreign keys: []
[INFO][2015-09-24 14:42:26,000][org.hibernate.tool.hbm2ddl.TableMetadata]HHH000126: Indexes: [primary]
[INFO][2015-09-24 14:42:26,001][org.hibernate.tool.hbm2ddl.SchemaUpdate]HHH000232: Schema update complete
[INFO][2015-09-24 14:44:25,436][org.hibernate.annotations.common.Version]HCANN000001: Hibernate Commons Annotations {4.0.1.Final}
[INFO][2015-09-24 14:44:25,448][org.hibernate.Version]HHH000412: Hibernate Core {4.0.0.Final}
[INFO][2015-09-24 14:44:25,451][org.hibernate.cfg.Environment]HHH000206: hibernate.properties not found
[INFO][2015-09-24 14:44:25,453][org.hibernate.cfg.Environment]HHH000021: Bytecode provider name : javassist
[INFO][2015-09-24 14:44:26,592][org.hibernate.dialect.Dialect]HHH000400: Using dialect: org.hibernate.dialect.MySQLDialect
[INFO][2015-09-24 14:44:26,628][org.hibernate.engine.transaction.internal.TransactionFactoryInitiator]HHH000399: Using default transaction strategy (direct JDBC transactions)
[INFO][2015-09-24 14:44:26,636][org.hibernate.hql.internal.ast.ASTQueryTranslatorFactory]HHH000397: Using ASTQueryTranslatorFactory
[INFO][2015-09-24 14:44:27,475][org.hibernate.tool.hbm2ddl.SchemaUpdate]HHH000228: Running hbm2ddl schema update
[INFO][2015-09-24 14:44:27,476][org.hibernate.tool.hbm2ddl.SchemaUpdate]HHH000102: Fetching database metadata
[INFO][2015-09-24 14:44:27,528][org.hibernate.tool.hbm2ddl.SchemaUpdate]HHH000396: Updating schema
[INFO][2015-09-24 14:44:27,564][org.hibernate.tool.hbm2ddl.TableMetadata]HHH000261: Table found: test.t_user
[INFO][2015-09-24 14:44:27,565][org.hibernate.tool.hbm2ddl.TableMetadata]HHH000037: Columns: [id, name, password]
[INFO][2015-09-24 14:44:27,565][org.hibernate.tool.hbm2ddl.TableMetadata]HHH000108: Foreign keys: []
[INFO][2015-09-24 14:44:27,565][org.hibernate.tool.hbm2ddl.TableMetadata]HHH000126: Indexes: [primary]
[INFO][2015-09-24 14:44:27,566][org.hibernate.tool.hbm2ddl.SchemaUpdate]HHH000232: Schema update complete
[INFO][2015-09-24 14:45:58,118][org.hibernate.annotations.common.Version]HCANN000001: Hibernate Commons Annotations {4.0.1.Final}
[INFO][2015-09-24 14:45:58,132][org.hibernate.Version]HHH000412: Hibernate Core {4.0.0.Final}
[INFO][2015-09-24 14:45:58,137][org.hibernate.cfg.Environment]HHH000206: hibernate.properties not found
[INFO][2015-09-24 14:45:58,142][org.hibernate.cfg.Environment]HHH000021: Bytecode provider name : javassist
[INFO][2015-09-24 14:45:59,226][org.hibernate.dialect.Dialect]HHH000400: Using dialect: org.hibernate.dialect.MySQLDialect
[INFO][2015-09-24 14:45:59,269][org.hibernate.engine.transaction.internal.TransactionFactoryInitiator]HHH000399: Using default transaction strategy (direct JDBC transactions)
[INFO][2015-09-24 14:45:59,280][org.hibernate.hql.internal.ast.ASTQueryTranslatorFactory]HHH000397: Using ASTQueryTranslatorFactory
[INFO][2015-09-24 14:46:00,204][org.hibernate.tool.hbm2ddl.SchemaUpdate]HHH000228: Running hbm2ddl schema update
[INFO][2015-09-24 14:46:00,204][org.hibernate.tool.hbm2ddl.SchemaUpdate]HHH000102: Fetching database metadata
[INFO][2015-09-24 14:46:00,252][org.hibernate.tool.hbm2ddl.SchemaUpdate]HHH000396: Updating schema
[INFO][2015-09-24 14:46:00,280][org.hibernate.tool.hbm2ddl.TableMetadata]HHH000261: Table found: test.t_user
[INFO][2015-09-24 14:46:00,281][org.hibernate.tool.hbm2ddl.TableMetadata]HHH000037: Columns: [id, name, password]
[INFO][2015-09-24 14:46:00,281][org.hibernate.tool.hbm2ddl.TableMetadata]HHH000108: Foreign keys: []
[INFO][2015-09-24 14:46:00,281][org.hibernate.tool.hbm2ddl.TableMetadata]HHH000126: Indexes: [primary]
[INFO][2015-09-24 14:46:00,282][org.hibernate.tool.hbm2ddl.SchemaUpdate]HHH000232: Schema update complete
[INFO][2015-09-24 14:46:40,550][org.hibernate.annotations.common.Version]HCANN000001: Hibernate Commons Annotations {4.0.1.Final}
[INFO][2015-09-24 14:46:40,566][org.hibernate.Version]HHH000412: Hibernate Core {4.0.0.Final}
[INFO][2015-09-24 14:46:40,572][org.hibernate.cfg.Environment]HHH000206: hibernate.properties not found
[INFO][2015-09-24 14:46:40,577][org.hibernate.cfg.Environment]HHH000021: Bytecode provider name : javassist
[INFO][2015-09-24 14:46:41,647][org.hibernate.dialect.Dialect]HHH000400: Using dialect: org.hibernate.dialect.MySQLDialect
[INFO][2015-09-24 14:46:41,697][org.hibernate.engine.transaction.internal.TransactionFactoryInitiator]HHH000399: Using default transaction strategy (direct JDBC transactions)
[INFO][2015-09-24 14:46:41,706][org.hibernate.hql.internal.ast.ASTQueryTranslatorFactory]HHH000397: Using ASTQueryTranslatorFactory
[INFO][2015-09-24 14:46:42,653][org.hibernate.tool.hbm2ddl.SchemaUpdate]HHH000228: Running hbm2ddl schema update
[INFO][2015-09-24 14:46:42,653][org.hibernate.tool.hbm2ddl.SchemaUpdate]HHH000102: Fetching database metadata
[INFO][2015-09-24 14:46:42,703][org.hibernate.tool.hbm2ddl.SchemaUpdate]HHH000396: Updating schema
[INFO][2015-09-24 14:46:42,735][org.hibernate.tool.hbm2ddl.TableMetadata]HHH000261: Table found: test.t_user
[INFO][2015-09-24 14:46:42,736][org.hibernate.tool.hbm2ddl.TableMetadata]HHH000037: Columns: [id, name, password]
[INFO][2015-09-24 14:46:42,736][org.hibernate.tool.hbm2ddl.TableMetadata]HHH000108: Foreign keys: []
[INFO][2015-09-24 14:46:42,736][org.hibernate.tool.hbm2ddl.TableMetadata]HHH000126: Indexes: [primary]
[INFO][2015-09-24 14:46:42,737][org.hibernate.tool.hbm2ddl.SchemaUpdate]HHH000232: Schema update complete
[INFO][2015-09-24 14:48:04,546][org.hibernate.annotations.common.Version]HCANN000001: Hibernate Commons Annotations {4.0.1.Final}
[INFO][2015-09-24 14:48:04,557][org.hibernate.Version]HHH000412: Hibernate Core {4.0.0.Final}
[INFO][2015-09-24 14:48:04,560][org.hibernate.cfg.Environment]HHH000206: hibernate.properties not found
[INFO][2015-09-24 14:48:04,563][org.hibernate.cfg.Environment]HHH000021: Bytecode provider name : javassist
[INFO][2015-09-24 14:48:05,779][org.hibernate.dialect.Dialect]HHH000400: Using dialect: org.hibernate.dialect.MySQLDialect
[INFO][2015-09-24 14:48:05,846][org.hibernate.engine.transaction.internal.TransactionFactoryInitiator]HHH000399: Using default transaction strategy (direct JDBC transactions)
[INFO][2015-09-24 14:48:05,882][org.hibernate.hql.internal.ast.ASTQueryTranslatorFactory]HHH000397: Using ASTQueryTranslatorFactory
[INFO][2015-09-24 14:48:06,760][org.hibernate.tool.hbm2ddl.SchemaUpdate]HHH000228: Running hbm2ddl schema update
[INFO][2015-09-24 14:48:06,761][org.hibernate.tool.hbm2ddl.SchemaUpdate]HHH000102: Fetching database metadata
[INFO][2015-09-24 14:48:06,804][org.hibernate.tool.hbm2ddl.SchemaUpdate]HHH000396: Updating schema
[INFO][2015-09-24 14:48:06,846][org.hibernate.tool.hbm2ddl.TableMetadata]HHH000261: Table found: test.t_user
[INFO][2015-09-24 14:48:06,847][org.hibernate.tool.hbm2ddl.TableMetadata]HHH000037: Columns: [id, name, password]
[INFO][2015-09-24 14:48:06,847][org.hibernate.tool.hbm2ddl.TableMetadata]HHH000108: Foreign keys: []
[INFO][2015-09-24 14:48:06,847][org.hibernate.tool.hbm2ddl.TableMetadata]HHH000126: Indexes: [primary]
[INFO][2015-09-24 14:48:06,848][org.hibernate.tool.hbm2ddl.SchemaUpdate]HHH000232: Schema update complete
[INFO][2015-09-24 14:48:22,692][org.hibernate.annotations.common.Version]HCANN000001: Hibernate Commons Annotations {4.0.1.Final}
[INFO][2015-09-24 14:48:22,727][org.hibernate.Version]HHH000412: Hibernate Core {4.0.0.Final}
[INFO][2015-09-24 14:48:22,732][org.hibernate.cfg.Environment]HHH000206: hibernate.properties not found
[INFO][2015-09-24 14:48:22,737][org.hibernate.cfg.Environment]HHH000021: Bytecode provider name : javassist
[INFO][2015-09-24 14:48:24,069][org.hibernate.dialect.Dialect]HHH000400: Using dialect: org.hibernate.dialect.MySQLDialect
[INFO][2015-09-24 14:48:24,193][org.hibernate.engine.transaction.internal.TransactionFactoryInitiator]HHH000399: Using default transaction strategy (direct JDBC transactions)
[INFO][2015-09-24 14:48:24,204][org.hibernate.hql.internal.ast.ASTQueryTranslatorFactory]HHH000397: Using ASTQueryTranslatorFactory
[INFO][2015-09-24 14:48:25,186][org.hibernate.tool.hbm2ddl.SchemaUpdate]HHH000228: Running hbm2ddl schema update
[INFO][2015-09-24 14:48:25,187][org.hibernate.tool.hbm2ddl.SchemaUpdate]HHH000102: Fetching database metadata
[INFO][2015-09-24 14:48:25,237][org.hibernate.tool.hbm2ddl.SchemaUpdate]HHH000396: Updating schema
[INFO][2015-09-24 14:48:25,297][org.hibernate.tool.hbm2ddl.TableMetadata]HHH000261: Table found: test.t_user
[INFO][2015-09-24 14:48:25,298][org.hibernate.tool.hbm2ddl.TableMetadata]HHH000037: Columns: [id, name, password]
[INFO][2015-09-24 14:48:25,298][org.hibernate.tool.hbm2ddl.TableMetadata]HHH000108: Foreign keys: []
[INFO][2015-09-24 14:48:25,298][org.hibernate.tool.hbm2ddl.TableMetadata]HHH000126: Indexes: [primary]
[INFO][2015-09-24 14:48:25,299][org.hibernate.tool.hbm2ddl.SchemaUpdate]HHH000232: Schema update complete
[INFO][2015-09-24 14:49:25,507][org.hibernate.annotations.common.Version]HCANN000001: Hibernate Commons Annotations {4.0.1.Final}
[INFO][2015-09-24 14:49:25,530][org.hibernate.Version]HHH000412: Hibernate Core {4.0.0.Final}
[INFO][2015-09-24 14:49:25,534][org.hibernate.cfg.Environment]HHH000206: hibernate.properties not found
[INFO][2015-09-24 14:49:25,538][org.hibernate.cfg.Environment]HHH000021: Bytecode provider name : javassist
[INFO][2015-09-24 14:49:26,816][org.hibernate.dialect.Dialect]HHH000400: Using dialect: org.hibernate.dialect.MySQLDialect
[INFO][2015-09-24 14:49:26,869][org.hibernate.engine.transaction.internal.TransactionFactoryInitiator]HHH000399: Using default transaction strategy (direct JDBC transactions)
[INFO][2015-09-24 14:49:26,880][org.hibernate.hql.internal.ast.ASTQueryTranslatorFactory]HHH000397: Using ASTQueryTranslatorFactory
[INFO][2015-09-24 14:49:27,849][org.hibernate.tool.hbm2ddl.SchemaUpdate]HHH000228: Running hbm2ddl schema update
[INFO][2015-09-24 14:49:27,850][org.hibernate.tool.hbm2ddl.SchemaUpdate]HHH000102: Fetching database metadata
[INFO][2015-09-24 14:49:27,889][org.hibernate.tool.hbm2ddl.SchemaUpdate]HHH000396: Updating schema
[INFO][2015-09-24 14:49:27,929][org.hibernate.tool.hbm2ddl.TableMetadata]HHH000261: Table found: test.t_user
[INFO][2015-09-24 14:49:27,931][org.hibernate.tool.hbm2ddl.TableMetadata]HHH000037: Columns: [id, name, password]
[INFO][2015-09-24 14:49:27,931][org.hibernate.tool.hbm2ddl.TableMetadata]HHH000108: Foreign keys: []
[INFO][2015-09-24 14:49:27,933][org.hibernate.tool.hbm2ddl.TableMetadata]HHH000126: Indexes: [primary]
[INFO][2015-09-24 14:49:27,934][org.hibernate.tool.hbm2ddl.SchemaUpdate]HHH000232: Schema update complete
[INFO][2015-09-24 14:50:44,430][org.hibernate.annotations.common.Version]HCANN000001: Hibernate Commons Annotations {4.0.1.Final}
[INFO][2015-09-24 14:50:44,442][org.hibernate.Version]HHH000412: Hibernate Core {4.0.0.Final}
[INFO][2015-09-24 14:50:44,453][org.hibernate.cfg.Environment]HHH000206: hibernate.properties not found
[INFO][2015-09-24 14:50:44,455][org.hibernate.cfg.Environment]HHH000021: Bytecode provider name : javassist
[INFO][2015-09-24 14:50:45,597][org.hibernate.dialect.Dialect]HHH000400: Using dialect: org.hibernate.dialect.MySQLDialect
[INFO][2015-09-24 14:50:45,654][org.hibernate.engine.transaction.internal.TransactionFactoryInitiator]HHH000399: Using default transaction strategy (direct JDBC transactions)
[INFO][2015-09-24 14:50:45,661][org.hibernate.hql.internal.ast.ASTQueryTranslatorFactory]HHH000397: Using ASTQueryTranslatorFactory
[INFO][2015-09-24 14:50:46,709][org.hibernate.tool.hbm2ddl.SchemaUpdate]HHH000228: Running hbm2ddl schema update
[INFO][2015-09-24 14:50:46,709][org.hibernate.tool.hbm2ddl.SchemaUpdate]HHH000102: Fetching database metadata
[INFO][2015-09-24 14:50:46,758][org.hibernate.tool.hbm2ddl.SchemaUpdate]HHH000396: Updating schema
[INFO][2015-09-24 14:50:46,804][org.hibernate.tool.hbm2ddl.TableMetadata]HHH000261: Table found: test.t_user
[INFO][2015-09-24 14:50:46,805][org.hibernate.tool.hbm2ddl.TableMetadata]HHH000037: Columns: [id, name, password]
[INFO][2015-09-24 14:50:46,805][org.hibernate.tool.hbm2ddl.TableMetadata]HHH000108: Foreign keys: []
[INFO][2015-09-24 14:50:46,805][org.hibernate.tool.hbm2ddl.TableMetadata]HHH000126: Indexes: [primary]
[INFO][2015-09-24 14:50:46,806][org.hibernate.tool.hbm2ddl.SchemaUpdate]HHH000232: Schema update complete
[WARN][2015-09-24 14:50:47,474][org.hibernate.engine.jdbc.spi.SqlExceptionHelper]SQL Error: 1364, SQLState: HY000
[ERROR][2015-09-24 14:50:47,474][org.hibernate.engine.jdbc.spi.SqlExceptionHelper]Field 'id' doesn't have a default value
[INFO][2015-09-24 14:51:18,152][org.hibernate.annotations.common.Version]HCANN000001: Hibernate Commons Annotations {4.0.1.Final}
[INFO][2015-09-24 14:51:18,167][org.hibernate.Version]HHH000412: Hibernate Core {4.0.0.Final}
[INFO][2015-09-24 14:51:18,171][org.hibernate.cfg.Environment]HHH000206: hibernate.properties not found
[INFO][2015-09-24 14:51:18,175][org.hibernate.cfg.Environment]HHH000021: Bytecode provider name : javassist
[INFO][2015-09-24 14:51:19,302][org.hibernate.dialect.Dialect]HHH000400: Using dialect: org.hibernate.dialect.MySQLDialect
[INFO][2015-09-24 14:51:19,345][org.hibernate.engine.transaction.internal.TransactionFactoryInitiator]HHH000399: Using default transaction strategy (direct JDBC transactions)
[INFO][2015-09-24 14:51:19,352][org.hibernate.hql.internal.ast.ASTQueryTranslatorFactory]HHH000397: Using ASTQueryTranslatorFactory
[INFO][2015-09-24 14:51:20,314][org.hibernate.tool.hbm2ddl.SchemaUpdate]HHH000228: Running hbm2ddl schema update
[INFO][2015-09-24 14:51:20,315][org.hibernate.tool.hbm2ddl.SchemaUpdate]HHH000102: Fetching database metadata
[INFO][2015-09-24 14:51:20,364][org.hibernate.tool.hbm2ddl.SchemaUpdate]HHH000396: Updating schema
[INFO][2015-09-24 14:51:20,409][org.hibernate.tool.hbm2ddl.TableMetadata]HHH000261: Table found: test.t_user
[INFO][2015-09-24 14:51:20,409][org.hibernate.tool.hbm2ddl.TableMetadata]HHH000037: Columns: [id, name, password]
[INFO][2015-09-24 14:51:20,409][org.hibernate.tool.hbm2ddl.TableMetadata]HHH000108: Foreign keys: []
[INFO][2015-09-24 14:51:20,409][org.hibernate.tool.hbm2ddl.TableMetadata]HHH000126: Indexes: [primary]
[INFO][2015-09-24 14:51:20,411][org.hibernate.tool.hbm2ddl.SchemaUpdate]HHH000232: Schema update complete
[INFO][2015-09-24 14:54:52,982][org.hibernate.annotations.common.Version]HCANN000001: Hibernate Commons Annotations {4.0.1.Final}
[INFO][2015-09-24 14:54:53,001][org.hibernate.Version]HHH000412: Hibernate Core {4.0.0.Final}
[INFO][2015-09-24 14:54:53,005][org.hibernate.cfg.Environment]HHH000206: hibernate.properties not found
[INFO][2015-09-24 14:54:53,008][org.hibernate.cfg.Environment]HHH000021: Bytecode provider name : javassist
[INFO][2015-09-24 14:54:54,294][org.hibernate.dialect.Dialect]HHH000400: Using dialect: org.hibernate.dialect.MySQLDialect
[INFO][2015-09-24 14:54:54,341][org.hibernate.engine.transaction.internal.TransactionFactoryInitiator]HHH000399: Using default transaction strategy (direct JDBC transactions)
[INFO][2015-09-24 14:54:54,349][org.hibernate.hql.internal.ast.ASTQueryTranslatorFactory]HHH000397: Using ASTQueryTranslatorFactory
[INFO][2015-09-24 14:54:55,262][org.hibernate.tool.hbm2ddl.SchemaUpdate]HHH000228: Running hbm2ddl schema update
[INFO][2015-09-24 14:54:55,262][org.hibernate.tool.hbm2ddl.SchemaUpdate]HHH000102: Fetching database metadata
[INFO][2015-09-24 14:54:55,309][org.hibernate.tool.hbm2ddl.SchemaUpdate]HHH000396: Updating schema
[INFO][2015-09-24 14:54:55,379][org.hibernate.tool.hbm2ddl.TableMetadata]HHH000261: Table found: test.t_user
[INFO][2015-09-24 14:54:55,379][org.hibernate.tool.hbm2ddl.TableMetadata]HHH000037: Columns: [id, name, password]
[INFO][2015-09-24 14:54:55,379][org.hibernate.tool.hbm2ddl.TableMetadata]HHH000108: Foreign keys: []
[INFO][2015-09-24 14:54:55,379][org.hibernate.tool.hbm2ddl.TableMetadata]HHH000126: Indexes: [primary]
[INFO][2015-09-24 14:54:55,380][org.hibernate.tool.hbm2ddl.SchemaUpdate]HHH000232: Schema update complete
[INFO][2015-09-24 14:55:35,986][org.hibernate.annotations.common.Version]HCANN000001: Hibernate Commons Annotations {4.0.1.Final}
[INFO][2015-09-24 14:55:36,007][org.hibernate.Version]HHH000412: Hibernate Core {4.0.0.Final}
[INFO][2015-09-24 14:55:36,011][org.hibernate.cfg.Environment]HHH000206: hibernate.properties not found
[INFO][2015-09-24 14:55:36,014][org.hibernate.cfg.Environment]HHH000021: Bytecode provider name : javassist
[INFO][2015-09-24 14:55:37,095][org.hibernate.dialect.Dialect]HHH000400: Using dialect: org.hibernate.dialect.MySQLDialect
[INFO][2015-09-24 14:55:37,147][org.hibernate.engine.transaction.internal.TransactionFactoryInitiator]HHH000399: Using default transaction strategy (direct JDBC transactions)
[INFO][2015-09-24 14:55:37,155][org.hibernate.hql.internal.ast.ASTQueryTranslatorFactory]HHH000397: Using ASTQueryTranslatorFactory
[INFO][2015-09-24 14:55:37,988][org.hibernate.tool.hbm2ddl.SchemaUpdate]HHH000228: Running hbm2ddl schema update
[INFO][2015-09-24 14:55:37,989][org.hibernate.tool.hbm2ddl.SchemaUpdate]HHH000102: Fetching database metadata
[INFO][2015-09-24 14:55:38,028][org.hibernate.tool.hbm2ddl.SchemaUpdate]HHH000396: Updating schema
[INFO][2015-09-24 14:55:38,062][org.hibernate.tool.hbm2ddl.TableMetadata]HHH000261: Table found: test.t_user
[INFO][2015-09-24 14:55:38,062][org.hibernate.tool.hbm2ddl.TableMetadata]HHH000037: Columns: [id, name, password]
[INFO][2015-09-24 14:55:38,062][org.hibernate.tool.hbm2ddl.TableMetadata]HHH000108: Foreign keys: []
[INFO][2015-09-24 14:55:38,062][org.hibernate.tool.hbm2ddl.TableMetadata]HHH000126: Indexes: [primary]
[INFO][2015-09-24 14:55:38,063][org.hibernate.tool.hbm2ddl.SchemaUpdate]HHH000232: Schema update complete
[INFO][2015-09-24 14:56:04,658][org.hibernate.annotations.common.Version]HCANN000001: Hibernate Commons Annotations {4.0.1.Final}
[INFO][2015-09-24 14:56:04,679][org.hibernate.Version]HHH000412: Hibernate Core {4.0.0.Final}
[INFO][2015-09-24 14:56:04,686][org.hibernate.cfg.Environment]HHH000206: hibernate.properties not found
[INFO][2015-09-24 14:56:04,689][org.hibernate.cfg.Environment]HHH000021: Bytecode provider name : javassist
[INFO][2015-09-24 14:56:05,865][org.hibernate.dialect.Dialect]HHH000400: Using dialect: org.hibernate.dialect.MySQLDialect
[INFO][2015-09-24 14:56:05,909][org.hibernate.engine.transaction.internal.TransactionFactoryInitiator]HHH000399: Using default transaction strategy (direct JDBC transactions)
[INFO][2015-09-24 14:56:05,917][org.hibernate.hql.internal.ast.ASTQueryTranslatorFactory]HHH000397: Using ASTQueryTranslatorFactory
[INFO][2015-09-24 14:56:06,872][org.hibernate.tool.hbm2ddl.SchemaUpdate]HHH000228: Running hbm2ddl schema update
[INFO][2015-09-24 14:56:06,873][org.hibernate.tool.hbm2ddl.SchemaUpdate]HHH000102: Fetching database metadata
[INFO][2015-09-24 14:56:06,914][org.hibernate.tool.hbm2ddl.SchemaUpdate]HHH000396: Updating schema
[INFO][2015-09-24 14:56:06,986][org.hibernate.tool.hbm2ddl.TableMetadata]HHH000261: Table found: test.t_user
[INFO][2015-09-24 14:56:06,986][org.hibernate.tool.hbm2ddl.TableMetadata]HHH000037: Columns: [id, name, password]
[INFO][2015-09-24 14:56:06,986][org.hibernate.tool.hbm2ddl.TableMetadata]HHH000108: Foreign keys: []
[INFO][2015-09-24 14:56:06,986][org.hibernate.tool.hbm2ddl.TableMetadata]HHH000126: Indexes: [primary]
[INFO][2015-09-24 14:56:06,987][org.hibernate.tool.hbm2ddl.SchemaUpdate]HHH000232: Schema update complete
[INFO][2015-09-24 14:56:39,557][org.hibernate.annotations.common.Version]HCANN000001: Hibernate Commons Annotations {4.0.1.Final}
[INFO][2015-09-24 14:56:39,573][org.hibernate.Version]HHH000412: Hibernate Core {4.0.0.Final}
[INFO][2015-09-24 14:56:39,577][org.hibernate.cfg.Environment]HHH000206: hibernate.properties not found
[INFO][2015-09-24 14:56:39,580][org.hibernate.cfg.Environment]HHH000021: Bytecode provider name : javassist
[INFO][2015-09-24 14:56:40,744][org.hibernate.dialect.Dialect]HHH000400: Using dialect: org.hibernate.dialect.MySQLDialect
[INFO][2015-09-24 14:56:40,789][org.hibernate.engine.transaction.internal.TransactionFactoryInitiator]HHH000399: Using default transaction strategy (direct JDBC transactions)
[INFO][2015-09-24 14:56:40,797][org.hibernate.hql.internal.ast.ASTQueryTranslatorFactory]HHH000397: Using ASTQueryTranslatorFactory
[INFO][2015-09-24 14:56:41,667][org.hibernate.tool.hbm2ddl.SchemaUpdate]HHH000228: Running hbm2ddl schema update
[INFO][2015-09-24 14:56:41,668][org.hibernate.tool.hbm2ddl.SchemaUpdate]HHH000102: Fetching database metadata
[INFO][2015-09-24 14:56:41,720][org.hibernate.tool.hbm2ddl.SchemaUpdate]HHH000396: Updating schema
[INFO][2015-09-24 14:56:41,754][org.hibernate.tool.hbm2ddl.TableMetadata]HHH000261: Table found: test.t_user
[INFO][2015-09-24 14:56:41,755][org.hibernate.tool.hbm2ddl.TableMetadata]HHH000037: Columns: [id, name, password]
[INFO][2015-09-24 14:56:41,755][org.hibernate.tool.hbm2ddl.TableMetadata]HHH000108: Foreign keys: []
[INFO][2015-09-24 14:56:41,756][org.hibernate.tool.hbm2ddl.TableMetadata]HHH000126: Indexes: [primary]
[INFO][2015-09-24 14:56:41,757][org.hibernate.tool.hbm2ddl.SchemaUpdate]HHH000232: Schema update complete
[INFO][2015-09-24 14:57:37,613][org.hibernate.annotations.common.Version]HCANN000001: Hibernate Commons Annotations {4.0.1.Final}
[INFO][2015-09-24 14:57:37,632][org.hibernate.Version]HHH000412: Hibernate Core {4.0.0.Final}
[INFO][2015-09-24 14:57:37,635][org.hibernate.cfg.Environment]HHH000206: hibernate.properties not found
[INFO][2015-09-24 14:57:37,638][org.hibernate.cfg.Environment]HHH000021: Bytecode provider name : javassist
[INFO][2015-09-24 14:57:38,844][org.hibernate.dialect.Dialect]HHH000400: Using dialect: org.hibernate.dialect.MySQLDialect
[INFO][2015-09-24 14:57:38,936][org.hibernate.engine.transaction.internal.TransactionFactoryInitiator]HHH000399: Using default transaction strategy (direct JDBC transactions)
[INFO][2015-09-24 14:57:38,947][org.hibernate.hql.internal.ast.ASTQueryTranslatorFactory]HHH000397: Using ASTQueryTranslatorFactory
[INFO][2015-09-24 14:57:39,962][org.hibernate.tool.hbm2ddl.SchemaUpdate]HHH000228: Running hbm2ddl schema update
[INFO][2015-09-24 14:57:39,962][org.hibernate.tool.hbm2ddl.SchemaUpdate]HHH000102: Fetching database metadata
[INFO][2015-09-24 14:57:40,007][org.hibernate.tool.hbm2ddl.SchemaUpdate]HHH000396: Updating schema
[INFO][2015-09-24 14:57:40,046][org.hibernate.tool.hbm2ddl.TableMetadata]HHH000261: Table found: test.t_user
[INFO][2015-09-24 14:57:40,047][org.hibernate.tool.hbm2ddl.TableMetadata]HHH000037: Columns: [id, name, password]
[INFO][2015-09-24 14:57:40,047][org.hibernate.tool.hbm2ddl.TableMetadata]HHH000108: Foreign keys: []
[INFO][2015-09-24 14:57:40,047][org.hibernate.tool.hbm2ddl.TableMetadata]HHH000126: Indexes: [primary]
[INFO][2015-09-24 14:57:40,048][org.hibernate.tool.hbm2ddl.SchemaUpdate]HHH000232: Schema update complete
[INFO][2015-09-24 14:59:54,835][org.hibernate.annotations.common.Version]HCANN000001: Hibernate Commons Annotations {4.0.1.Final}
[INFO][2015-09-24 14:59:54,887][org.hibernate.Version]HHH000412: Hibernate Core {4.0.0.Final}
[INFO][2015-09-24 14:59:54,890][org.hibernate.cfg.Environment]HHH000206: hibernate.properties not found
[INFO][2015-09-24 14:59:54,895][org.hibernate.cfg.Environment]HHH000021: Bytecode provider name : javassist
[INFO][2015-09-24 14:59:56,168][org.hibernate.dialect.Dialect]HHH000400: Using dialect: org.hibernate.dialect.MySQLDialect
[INFO][2015-09-24 14:59:56,214][org.hibernate.engine.transaction.internal.TransactionFactoryInitiator]HHH000399: Using default transaction strategy (direct JDBC transactions)
[INFO][2015-09-24 14:59:56,224][org.hibernate.hql.internal.ast.ASTQueryTranslatorFactory]HHH000397: Using ASTQueryTranslatorFactory
[INFO][2015-09-24 14:59:57,195][org.hibernate.tool.hbm2ddl.SchemaUpdate]HHH000228: Running hbm2ddl schema update
[INFO][2015-09-24 14:59:57,195][org.hibernate.tool.hbm2ddl.SchemaUpdate]HHH000102: Fetching database metadata
[INFO][2015-09-24 14:59:57,241][org.hibernate.tool.hbm2ddl.SchemaUpdate]HHH000396: Updating schema
[INFO][2015-09-24 14:59:57,272][org.hibernate.tool.hbm2ddl.TableMetadata]HHH000261: Table found: test.t_user
[INFO][2015-09-24 14:59:57,272][org.hibernate.tool.hbm2ddl.TableMetadata]HHH000037: Columns: [id, name, password]
[INFO][2015-09-24 14:59:57,272][org.hibernate.tool.hbm2ddl.TableMetadata]HHH000108: Foreign keys: []
[INFO][2015-09-24 14:59:57,272][org.hibernate.tool.hbm2ddl.TableMetadata]HHH000126: Indexes: [primary]
[INFO][2015-09-24 14:59:57,274][org.hibernate.tool.hbm2ddl.SchemaUpdate]HHH000232: Schema update complete
[INFO][2015-09-24 15:00:50,902][org.hibernate.annotations.common.Version]HCANN000001: Hibernate Commons Annotations {4.0.1.Final}
[INFO][2015-09-24 15:00:50,913][org.hibernate.Version]HHH000412: Hibernate Core {4.0.0.Final}
[INFO][2015-09-24 15:00:50,916][org.hibernate.cfg.Environment]HHH000206: hibernate.properties not found
[INFO][2015-09-24 15:00:50,918][org.hibernate.cfg.Environment]HHH000021: Bytecode provider name : javassist
[INFO][2015-09-24 15:00:52,356][org.hibernate.dialect.Dialect]HHH000400: Using dialect: org.hibernate.dialect.MySQLDialect
[INFO][2015-09-24 15:00:52,396][org.hibernate.engine.transaction.internal.TransactionFactoryInitiator]HHH000399: Using default transaction strategy (direct JDBC transactions)
[INFO][2015-09-24 15:00:52,409][org.hibernate.hql.internal.ast.ASTQueryTranslatorFactory]HHH000397: Using ASTQueryTranslatorFactory
[INFO][2015-09-24 15:00:53,476][org.hibernate.tool.hbm2ddl.SchemaUpdate]HHH000228: Running hbm2ddl schema update
[INFO][2015-09-24 15:00:53,476][org.hibernate.tool.hbm2ddl.SchemaUpdate]HHH000102: Fetching database metadata
[INFO][2015-09-24 15:00:53,519][org.hibernate.tool.hbm2ddl.SchemaUpdate]HHH000396: Updating schema
[INFO][2015-09-24 15:00:53,616][org.hibernate.tool.hbm2ddl.TableMetadata]HHH000261: Table found: test.t_user
[INFO][2015-09-24 15:00:53,616][org.hibernate.tool.hbm2ddl.TableMetadata]HHH000037: Columns: [id, name, password]
[INFO][2015-09-24 15:00:53,616][org.hibernate.tool.hbm2ddl.TableMetadata]HHH000108: Foreign keys: []
[INFO][2015-09-24 15:00:53,617][org.hibernate.tool.hbm2ddl.TableMetadata]HHH000126: Indexes: [primary]
[INFO][2015-09-24 15:00:53,618][org.hibernate.tool.hbm2ddl.SchemaUpdate]HHH000232: Schema update complete
[INFO][2015-09-24 15:02:51,330][org.hibernate.annotations.common.Version]HCANN000001: Hibernate Commons Annotations {4.0.1.Final}
[INFO][2015-09-24 15:02:51,349][org.hibernate.Version]HHH000412: Hibernate Core {4.0.0.Final}
[INFO][2015-09-24 15:02:51,351][org.hibernate.cfg.Environment]HHH000206: hibernate.properties not found
[INFO][2015-09-24 15:02:51,354][org.hibernate.cfg.Environment]HHH000021: Bytecode provider name : javassist
[INFO][2015-09-24 15:02:52,451][org.hibernate.dialect.Dialect]HHH000400: Using dialect: org.hibernate.dialect.MySQLDialect
[INFO][2015-09-24 15:02:52,500][org.hibernate.engine.transaction.internal.TransactionFactoryInitiator]HHH000399: Using default transaction strategy (direct JDBC transactions)
[INFO][2015-09-24 15:02:52,510][org.hibernate.hql.internal.ast.ASTQueryTranslatorFactory]HHH000397: Using ASTQueryTranslatorFactory
[INFO][2015-09-24 15:02:53,433][org.hibernate.tool.hbm2ddl.SchemaUpdate]HHH000228: Running hbm2ddl schema update
[INFO][2015-09-24 15:02:53,433][org.hibernate.tool.hbm2ddl.SchemaUpdate]HHH000102: Fetching database metadata
[INFO][2015-09-24 15:02:53,490][org.hibernate.tool.hbm2ddl.SchemaUpdate]HHH000396: Updating schema
[INFO][2015-09-24 15:02:53,526][org.hibernate.tool.hbm2ddl.TableMetadata]HHH000261: Table found: test.t_user
[INFO][2015-09-24 15:02:53,526][org.hibernate.tool.hbm2ddl.TableMetadata]HHH000037: Columns: [id, name, password]
[INFO][2015-09-24 15:02:53,526][org.hibernate.tool.hbm2ddl.TableMetadata]HHH000108: Foreign keys: []
[INFO][2015-09-24 15:02:53,527][org.hibernate.tool.hbm2ddl.TableMetadata]HHH000126: Indexes: [primary]
[INFO][2015-09-24 15:02:53,527][org.hibernate.tool.hbm2ddl.SchemaUpdate]HHH000232: Schema update complete
[INFO][2015-09-24 15:03:40,299][org.hibernate.annotations.common.Version]HCANN000001: Hibernate Commons Annotations {4.0.1.Final}
[INFO][2015-09-24 15:03:40,315][org.hibernate.Version]HHH000412: Hibernate Core {4.0.0.Final}
[INFO][2015-09-24 15:03:40,320][org.hibernate.cfg.Environment]HHH000206: hibernate.properties not found
[INFO][2015-09-24 15:03:40,323][org.hibernate.cfg.Environment]HHH000021: Bytecode provider name : javassist
[INFO][2015-09-24 15:03:41,387][org.hibernate.dialect.Dialect]HHH000400: Using dialect: org.hibernate.dialect.MySQLDialect
[INFO][2015-09-24 15:03:41,453][org.hibernate.engine.transaction.internal.TransactionFactoryInitiator]HHH000399: Using default transaction strategy (direct JDBC transactions)
[INFO][2015-09-24 15:03:41,463][org.hibernate.hql.internal.ast.ASTQueryTranslatorFactory]HHH000397: Using ASTQueryTranslatorFactory
[INFO][2015-09-24 15:03:42,363][org.hibernate.tool.hbm2ddl.SchemaUpdate]HHH000228: Running hbm2ddl schema update
[INFO][2015-09-24 15:03:42,363][org.hibernate.tool.hbm2ddl.SchemaUpdate]HHH000102: Fetching database metadata
[INFO][2015-09-24 15:03:42,426][org.hibernate.tool.hbm2ddl.SchemaUpdate]HHH000396: Updating schema
[INFO][2015-09-24 15:03:42,463][org.hibernate.tool.hbm2ddl.TableMetadata]HHH000261: Table found: test.t_user
[INFO][2015-09-24 15:03:42,464][org.hibernate.tool.hbm2ddl.TableMetadata]HHH000037: Columns: [id, name, password]
[INFO][2015-09-24 15:03:42,464][org.hibernate.tool.hbm2ddl.TableMetadata]HHH000108: Foreign keys: []
[INFO][2015-09-24 15:03:42,465][org.hibernate.tool.hbm2ddl.TableMetadata]HHH000126: Indexes: [primary]
[INFO][2015-09-24 15:03:42,466][org.hibernate.tool.hbm2ddl.SchemaUpdate]HHH000232: Schema update complete
[INFO][2015-09-24 15:04:05,034][org.hibernate.annotations.common.Version]HCANN000001: Hibernate Commons Annotations {4.0.1.Final}
[INFO][2015-09-24 15:04:05,046][org.hibernate.Version]HHH000412: Hibernate Core {4.0.0.Final}
[INFO][2015-09-24 15:04:05,049][org.hibernate.cfg.Environment]HHH000206: hibernate.properties not found
[INFO][2015-09-24 15:04:05,051][org.hibernate.cfg.Environment]HHH000021: Bytecode provider name : javassist
[INFO][2015-09-24 15:04:06,255][org.hibernate.dialect.Dialect]HHH000400: Using dialect: org.hibernate.dialect.MySQLDialect
[INFO][2015-09-24 15:04:06,291][org.hibernate.engine.transaction.internal.TransactionFactoryInitiator]HHH000399: Using default transaction strategy (direct JDBC transactions)
[INFO][2015-09-24 15:04:06,298][org.hibernate.hql.internal.ast.ASTQueryTranslatorFactory]HHH000397: Using ASTQueryTranslatorFactory
[INFO][2015-09-24 15:04:07,279][org.hibernate.tool.hbm2ddl.SchemaUpdate]HHH000228: Running hbm2ddl schema update
[INFO][2015-09-24 15:04:07,279][org.hibernate.tool.hbm2ddl.SchemaUpdate]HHH000102: Fetching database metadata
[INFO][2015-09-24 15:04:07,349][org.hibernate.tool.hbm2ddl.SchemaUpdate]HHH000396: Updating schema
[INFO][2015-09-24 15:04:07,400][org.hibernate.tool.hbm2ddl.TableMetadata]HHH000261: Table found: test.t_user
[INFO][2015-09-24 15:04:07,400][org.hibernate.tool.hbm2ddl.TableMetadata]HHH000037: Columns: [id, name, password]
[INFO][2015-09-24 15:04:07,401][org.hibernate.tool.hbm2ddl.TableMetadata]HHH000108: Foreign keys: []
[INFO][2015-09-24 15:04:07,401][org.hibernate.tool.hbm2ddl.TableMetadata]HHH000126: Indexes: [primary]
[INFO][2015-09-24 15:04:07,402][org.hibernate.tool.hbm2ddl.SchemaUpdate]HHH000232: Schema update complete
[INFO][2015-09-24 15:04:46,279][org.hibernate.annotations.common.Version]HCANN000001: Hibernate Commons Annotations {4.0.1.Final}
[INFO][2015-09-24 15:04:46,290][org.hibernate.Version]HHH000412: Hibernate Core {4.0.0.Final}
[INFO][2015-09-24 15:04:46,294][org.hibernate.cfg.Environment]HHH000206: hibernate.properties not found
[INFO][2015-09-24 15:04:46,296][org.hibernate.cfg.Environment]HHH000021: Bytecode provider name : javassist
[INFO][2015-09-24 15:04:47,319][org.hibernate.dialect.Dialect]HHH000400: Using dialect: org.hibernate.dialect.MySQLDialect
[INFO][2015-09-24 15:04:47,401][org.hibernate.engine.transaction.internal.TransactionFactoryInitiator]HHH000399: Using default transaction strategy (direct JDBC transactions)
[INFO][2015-09-24 15:04:47,412][org.hibernate.hql.internal.ast.ASTQueryTranslatorFactory]HHH000397: Using ASTQueryTranslatorFactory
[INFO][2015-09-24 15:04:48,268][org.hibernate.tool.hbm2ddl.SchemaUpdate]HHH000228: Running hbm2ddl schema update
[INFO][2015-09-24 15:04:48,269][org.hibernate.tool.hbm2ddl.SchemaUpdate]HHH000102: Fetching database metadata
[INFO][2015-09-24 15:04:48,312][org.hibernate.tool.hbm2ddl.SchemaUpdate]HHH000396: Updating schema
[INFO][2015-09-24 15:04:48,397][org.hibernate.tool.hbm2ddl.TableMetadata]HHH000261: Table found: test.t_user
[INFO][2015-09-24 15:04:48,397][org.hibernate.tool.hbm2ddl.TableMetadata]HHH000037: Columns: [id, name, password]
[INFO][2015-09-24 15:04:48,398][org.hibernate.tool.hbm2ddl.TableMetadata]HHH000108: Foreign keys: []
[INFO][2015-09-24 15:04:48,398][org.hibernate.tool.hbm2ddl.TableMetadata]HHH000126: Indexes: [primary]
[INFO][2015-09-24 15:04:48,399][org.hibernate.tool.hbm2ddl.SchemaUpdate]HHH000232: Schema update complete
[INFO][2015-09-24 15:05:24,161][org.hibernate.annotations.common.Version]HCANN000001: Hibernate Commons Annotations {4.0.1.Final}
[INFO][2015-09-24 15:05:24,182][org.hibernate.Version]HHH000412: Hibernate Core {4.0.0.Final}
[INFO][2015-09-24 15:05:24,190][org.hibernate.cfg.Environment]HHH000206: hibernate.properties not found
[INFO][2015-09-24 15:05:24,194][org.hibernate.cfg.Environment]HHH000021: Bytecode provider name : javassist
[INFO][2015-09-24 15:05:25,673][org.hibernate.dialect.Dialect]HHH000400: Using dialect: org.hibernate.dialect.MySQLDialect
[INFO][2015-09-24 15:05:25,732][org.hibernate.engine.transaction.internal.TransactionFactoryInitiator]HHH000399: Using default transaction strategy (direct JDBC transactions)
[INFO][2015-09-24 15:05:25,744][org.hibernate.hql.internal.ast.ASTQueryTranslatorFactory]HHH000397: Using ASTQueryTranslatorFactory
[INFO][2015-09-24 15:05:26,669][org.hibernate.tool.hbm2ddl.SchemaUpdate]HHH000228: Running hbm2ddl schema update
[INFO][2015-09-24 15:05:26,670][org.hibernate.tool.hbm2ddl.SchemaUpdate]HHH000102: Fetching database metadata
[INFO][2015-09-24 15:05:26,717][org.hibernate.tool.hbm2ddl.SchemaUpdate]HHH000396: Updating schema
[INFO][2015-09-24 15:05:26,753][org.hibernate.tool.hbm2ddl.TableMetadata]HHH000261: Table found: test.t_user
[INFO][2015-09-24 15:05:26,753][org.hibernate.tool.hbm2ddl.TableMetadata]HHH000037: Columns: [id, name, password]
[INFO][2015-09-24 15:05:26,753][org.hibernate.tool.hbm2ddl.TableMetadata]HHH000108: Foreign keys: []
[INFO][2015-09-24 15:05:26,754][org.hibernate.tool.hbm2ddl.TableMetadata]HHH000126: Indexes: [primary]
[INFO][2015-09-24 15:05:26,755][org.hibernate.tool.hbm2ddl.SchemaUpdate]HHH000232: Schema update complete
[INFO][2015-09-24 15:07:05,562][org.hibernate.annotations.common.Version]HCANN000001: Hibernate Commons Annotations {4.0.1.Final}
[INFO][2015-09-24 15:07:05,575][org.hibernate.Version]HHH000412: Hibernate Core {4.0.0.Final}
[INFO][2015-09-24 15:07:05,578][org.hibernate.cfg.Environment]HHH000206: hibernate.properties not found
[INFO][2015-09-24 15:07:05,603][org.hibernate.cfg.Environment]HHH000021: Bytecode provider name : javassist
[INFO][2015-09-24 15:07:06,754][org.hibernate.dialect.Dialect]HHH000400: Using dialect: org.hibernate.dialect.MySQLDialect
[INFO][2015-09-24 15:07:06,799][org.hibernate.engine.transaction.internal.TransactionFactoryInitiator]HHH000399: Using default transaction strategy (direct JDBC transactions)
[INFO][2015-09-24 15:07:06,809][org.hibernate.hql.internal.ast.ASTQueryTranslatorFactory]HHH000397: Using ASTQueryTranslatorFactory
[INFO][2015-09-24 15:07:07,681][org.hibernate.tool.hbm2ddl.SchemaUpdate]HHH000228: Running hbm2ddl schema update
[INFO][2015-09-24 15:07:07,681][org.hibernate.tool.hbm2ddl.SchemaUpdate]HHH000102: Fetching database metadata
[INFO][2015-09-24 15:07:07,720][org.hibernate.tool.hbm2ddl.SchemaUpdate]HHH000396: Updating schema
[INFO][2015-09-24 15:07:07,775][org.hibernate.tool.hbm2ddl.TableMetadata]HHH000261: Table found: test.t_user
[INFO][2015-09-24 15:07:07,776][org.hibernate.tool.hbm2ddl.TableMetadata]HHH000037: Columns: [id, name, password]
[INFO][2015-09-24 15:07:07,776][org.hibernate.tool.hbm2ddl.TableMetadata]HHH000108: Foreign keys: []
[INFO][2015-09-24 15:07:07,776][org.hibernate.tool.hbm2ddl.TableMetadata]HHH000126: Indexes: [primary]
[INFO][2015-09-24 15:07:07,777][org.hibernate.tool.hbm2ddl.SchemaUpdate]HHH000232: Schema update complete
[INFO][2015-09-24 15:07:37,592][org.hibernate.annotations.common.Version]HCANN000001: Hibernate Commons Annotations {4.0.1.Final}
[INFO][2015-09-24 15:07:37,605][org.hibernate.Version]HHH000412: Hibernate Core {4.0.0.Final}
[INFO][2015-09-24 15:07:37,617][org.hibernate.cfg.Environment]HHH000206: hibernate.properties not found
[INFO][2015-09-24 15:07:37,620][org.hibernate.cfg.Environment]HHH000021: Bytecode provider name : javassist
[INFO][2015-09-24 15:07:38,741][org.hibernate.dialect.Dialect]HHH000400: Using dialect: org.hibernate.dialect.MySQLDialect
[INFO][2015-09-24 15:07:38,787][org.hibernate.engine.transaction.internal.TransactionFactoryInitiator]HHH000399: Using default transaction strategy (direct JDBC transactions)
[INFO][2015-09-24 15:07:38,799][org.hibernate.hql.internal.ast.ASTQueryTranslatorFactory]HHH000397: Using ASTQueryTranslatorFactory
[INFO][2015-09-24 15:07:39,649][org.hibernate.tool.hbm2ddl.SchemaUpdate]HHH000228: Running hbm2ddl schema update
[INFO][2015-09-24 15:07:39,649][org.hibernate.tool.hbm2ddl.SchemaUpdate]HHH000102: Fetching database metadata
[INFO][2015-09-24 15:07:39,689][org.hibernate.tool.hbm2ddl.SchemaUpdate]HHH000396: Updating schema
[INFO][2015-09-24 15:07:39,728][org.hibernate.tool.hbm2ddl.TableMetadata]HHH000261: Table found: test.t_user
[INFO][2015-09-24 15:07:39,728][org.hibernate.tool.hbm2ddl.TableMetadata]HHH000037: Columns: [id, name, password]
[INFO][2015-09-24 15:07:39,728][org.hibernate.tool.hbm2ddl.TableMetadata]HHH000108: Foreign keys: []
[INFO][2015-09-24 15:07:39,728][org.hibernate.tool.hbm2ddl.TableMetadata]HHH000126: Indexes: [primary]
[INFO][2015-09-24 15:07:39,729][org.hibernate.tool.hbm2ddl.SchemaUpdate]HHH000232: Schema update complete
[INFO][2015-09-24 15:19:12,574][org.hibernate.annotations.common.Version]HCANN000001: Hibernate Commons Annotations {4.0.1.Final}
[INFO][2015-09-24 15:19:12,611][org.hibernate.Version]HHH000412: Hibernate Core {4.0.0.Final}
[INFO][2015-09-24 15:19:12,616][org.hibernate.cfg.Environment]HHH000206: hibernate.properties not found
[INFO][2015-09-24 15:19:12,619][org.hibernate.cfg.Environment]HHH000021: Bytecode provider name : javassist
[INFO][2015-09-24 15:19:13,739][org.hibernate.dialect.Dialect]HHH000400: Using dialect: org.hibernate.dialect.MySQLDialect
[INFO][2015-09-24 15:19:13,811][org.hibernate.engine.transaction.internal.TransactionFactoryInitiator]HHH000399: Using default transaction strategy (direct JDBC transactions)
[INFO][2015-09-24 15:19:13,822][org.hibernate.hql.internal.ast.ASTQueryTranslatorFactory]HHH000397: Using ASTQueryTranslatorFactory
[INFO][2015-09-24 15:19:14,790][org.hibernate.tool.hbm2ddl.SchemaUpdate]HHH000228: Running hbm2ddl schema update
[INFO][2015-09-24 15:19:14,790][org.hibernate.tool.hbm2ddl.SchemaUpdate]HHH000102: Fetching database metadata
[INFO][2015-09-24 15:19:14,844][org.hibernate.tool.hbm2ddl.SchemaUpdate]HHH000396: Updating schema
[INFO][2015-09-24 15:19:14,886][org.hibernate.tool.hbm2ddl.TableMetadata]HHH000261: Table found: test.t_user
[INFO][2015-09-24 15:19:14,886][org.hibernate.tool.hbm2ddl.TableMetadata]HHH000037: Columns: [id, name, password]
[INFO][2015-09-24 15:19:14,886][org.hibernate.tool.hbm2ddl.TableMetadata]HHH000108: Foreign keys: []
[INFO][2015-09-24 15:19:14,887][org.hibernate.tool.hbm2ddl.TableMetadata]HHH000126: Indexes: [primary]
[INFO][2015-09-24 15:19:14,887][org.hibernate.tool.hbm2ddl.SchemaUpdate]HHH000232: Schema update complete
[INFO][2015-09-24 15:59:31,059][org.hibernate.annotations.common.Version]HCANN000001: Hibernate Commons Annotations {4.0.1.Final}
[INFO][2015-09-24 15:59:31,096][org.hibernate.Version]HHH000412: Hibernate Core {4.0.0.Final}
[INFO][2015-09-24 15:59:31,099][org.hibernate.cfg.Environment]HHH000206: hibernate.properties not found
[INFO][2015-09-24 15:59:31,101][org.hibernate.cfg.Environment]HHH000021: Bytecode provider name : javassist
[INFO][2015-09-24 15:59:32,249][org.hibernate.dialect.Dialect]HHH000400: Using dialect: org.hibernate.dialect.MySQLDialect
[INFO][2015-09-24 15:59:32,291][org.hibernate.engine.transaction.internal.TransactionFactoryInitiator]HHH000399: Using default transaction strategy (direct JDBC transactions)
[INFO][2015-09-24 15:59:32,299][org.hibernate.hql.internal.ast.ASTQueryTranslatorFactory]HHH000397: Using ASTQueryTranslatorFactory
[INFO][2015-09-24 15:59:33,283][org.hibernate.tool.hbm2ddl.SchemaUpdate]HHH000228: Running hbm2ddl schema update
[INFO][2015-09-24 15:59:33,283][org.hibernate.tool.hbm2ddl.SchemaUpdate]HHH000102: Fetching database metadata
[INFO][2015-09-24 15:59:33,324][org.hibernate.tool.hbm2ddl.SchemaUpdate]HHH000396: Updating schema
[INFO][2015-09-24 15:59:33,354][org.hibernate.tool.hbm2ddl.TableMetadata]HHH000261: Table found: test.t_user
[INFO][2015-09-24 15:59:33,355][org.hibernate.tool.hbm2ddl.TableMetadata]HHH000037: Columns: [id, name, password]
[INFO][2015-09-24 15:59:33,355][org.hibernate.tool.hbm2ddl.TableMetadata]HHH000108: Foreign keys: []
[INFO][2015-09-24 15:59:33,355][org.hibernate.tool.hbm2ddl.TableMetadata]HHH000126: Indexes: [primary]
[INFO][2015-09-24 15:59:33,359][org.hibernate.tool.hbm2ddl.SchemaUpdate]HHH000232: Schema update complete
[INFO][2015-09-24 16:03:31,660][org.hibernate.annotations.common.Version]HCANN000001: Hibernate Commons Annotations {4.0.1.Final}
[INFO][2015-09-24 16:03:31,686][org.hibernate.Version]HHH000412: Hibernate Core {4.0.0.Final}
[INFO][2015-09-24 16:03:31,689][org.hibernate.cfg.Environment]HHH000206: hibernate.properties not found
[INFO][2015-09-24 16:03:31,697][org.hibernate.cfg.Environment]HHH000021: Bytecode provider name : javassist
[INFO][2015-09-24 16:03:32,783][org.hibernate.dialect.Dialect]HHH000400: Using dialect: org.hibernate.dialect.MySQLDialect
[INFO][2015-09-24 16:03:32,826][org.hibernate.engine.transaction.internal.TransactionFactoryInitiator]HHH000399: Using default transaction strategy (direct JDBC transactions)
[INFO][2015-09-24 16:03:32,836][org.hibernate.hql.internal.ast.ASTQueryTranslatorFactory]HHH000397: Using ASTQueryTranslatorFactory
[INFO][2015-09-24 16:03:33,650][org.hibernate.tool.hbm2ddl.SchemaUpdate]HHH000228: Running hbm2ddl schema update
[INFO][2015-09-24 16:03:33,650][org.hibernate.tool.hbm2ddl.SchemaUpdate]HHH000102: Fetching database metadata
[INFO][2015-09-24 16:03:33,696][org.hibernate.tool.hbm2ddl.SchemaUpdate]HHH000396: Updating schema
[INFO][2015-09-24 16:03:33,732][org.hibernate.tool.hbm2ddl.TableMetadata]HHH000261: Table found: test.t_user
[INFO][2015-09-24 16:03:33,732][org.hibernate.tool.hbm2ddl.TableMetadata]HHH000037: Columns: [id, name, password]
[INFO][2015-09-24 16:03:33,732][org.hibernate.tool.hbm2ddl.TableMetadata]HHH000108: Foreign keys: []
[INFO][2015-09-24 16:03:33,733][org.hibernate.tool.hbm2ddl.TableMetadata]HHH000126: Indexes: [primary]
[INFO][2015-09-24 16:03:33,733][org.hibernate.tool.hbm2ddl.SchemaUpdate]HHH000232: Schema update complete
[INFO][2015-09-24 16:22:14,584][org.hibernate.annotations.common.Version]HCANN000001: Hibernate Commons Annotations {4.0.1.Final}
[INFO][2015-09-24 16:22:14,596][org.hibernate.Version]HHH000412: Hibernate Core {4.0.0.Final}
[INFO][2015-09-24 16:22:14,600][org.hibernate.cfg.Environment]HHH000206: hibernate.properties not found
[INFO][2015-09-24 16:22:14,611][org.hibernate.cfg.Environment]HHH000021: Bytecode provider name : javassist
[INFO][2015-09-24 16:22:16,060][org.hibernate.dialect.Dialect]HHH000400: Using dialect: org.hibernate.dialect.MySQLDialect
[INFO][2015-09-24 16:22:16,138][org.hibernate.engine.transaction.internal.TransactionFactoryInitiator]HHH000399: Using default transaction strategy (direct JDBC transactions)
[INFO][2015-09-24 16:22:16,146][org.hibernate.hql.internal.ast.ASTQueryTranslatorFactory]HHH000397: Using ASTQueryTranslatorFactory
[INFO][2015-09-24 16:22:17,019][org.hibernate.tool.hbm2ddl.SchemaUpdate]HHH000228: Running hbm2ddl schema update
[INFO][2015-09-24 16:22:17,020][org.hibernate.tool.hbm2ddl.SchemaUpdate]HHH000102: Fetching database metadata
[INFO][2015-09-24 16:22:17,060][org.hibernate.tool.hbm2ddl.SchemaUpdate]HHH000396: Updating schema
[INFO][2015-09-24 16:22:17,093][org.hibernate.tool.hbm2ddl.TableMetadata]HHH000261: Table found: test.t_user
[INFO][2015-09-24 16:22:17,093][org.hibernate.tool.hbm2ddl.TableMetadata]HHH000037: Columns: [id, name, password]
[INFO][2015-09-24 16:22:17,093][org.hibernate.tool.hbm2ddl.TableMetadata]HHH000108: Foreign keys: []
[INFO][2015-09-24 16:22:17,093][org.hibernate.tool.hbm2ddl.TableMetadata]HHH000126: Indexes: [primary]
[INFO][2015-09-24 16:22:17,094][org.hibernate.tool.hbm2ddl.SchemaUpdate]HHH000232: Schema update complete
